[2023-07-09T17:49:43.030Z] Log level: Info
[2023-07-09T17:49:43.038Z] [info] Validating found git in: git
[2023-07-09T17:49:43.076Z] [info] Using git 2.25.1 from git
[2023-07-09T17:49:43.130Z] > git rev-parse --show-toplevel [38ms]
[2023-07-09T17:49:43.143Z] > git rev-parse --git-dir --git-common-dir [2ms]
[2023-07-09T17:49:43.151Z] [info] Open repository: /config/workspace
[2023-07-09T17:49:43.165Z] > git status -z -uall [4ms]
[2023-07-09T17:49:43.173Z] > git symbolic-ref --short HEAD [1ms]
[2023-07-09T17:49:43.182Z] > git for-each-ref --format=%(refname)%00%(upstream:short)%00%(objectname)%00%(upstream:track)%00%(upstream:remotename)%00%(upstream:remoteref) refs/heads/main refs/remotes/main [2ms]
[2023-07-09T17:49:43.198Z] > git remote --verbose [2ms]
[2023-07-09T17:49:43.198Z] > git for-each-ref --sort -committerdate --format %(refname) %(objectname) %(*objectname) [9ms]
[2023-07-09T17:49:43.213Z] > git config --get commit.template [1ms]
[2023-07-09T17:49:43.226Z] > git status -z -uall [4ms]
[2023-07-09T17:49:43.233Z] > git symbolic-ref --short HEAD [1ms]
[2023-07-09T17:49:43.245Z] > git for-each-ref --format=%(refname)%00%(upstream:short)%00%(objectname)%00%(upstream:track)%00%(upstream:remotename)%00%(upstream:remoteref) refs/heads/main refs/remotes/main [6ms]
[2023-07-09T17:49:43.261Z] > git remote --verbose [2ms]
[2023-07-09T17:49:43.261Z] > git for-each-ref --sort -committerdate --format %(refname) %(objectname) %(*objectname) [9ms]
[2023-07-09T17:49:43.271Z] > git config --get commit.template [1ms]
[2023-07-09T17:49:43.842Z] > git check-ignore -v -z --stdin [3ms]
[2023-07-09T17:50:38.027Z] > git show --textconv :main.py [28ms]
[2023-07-09T17:50:38.029Z] > git ls-files --stage -- /config/workspace/main.py [4ms]
[2023-07-09T17:50:38.062Z] > git cat-file -s df1dc6821eb73a1036ef820317e03d5f5e01dcca [10ms]
[2023-07-09T17:50:50.495Z] > git show --textconv :main.py [24ms]
[2023-07-09T17:50:50.497Z] > git ls-files --stage -- /config/workspace/main.py [3ms]
[2023-07-09T17:50:50.522Z] > git cat-file -s df1dc6821eb73a1036ef820317e03d5f5e01dcca [2ms]
[2023-07-09T17:50:54.551Z] > git show --textconv :main.py [10ms]
[2023-07-09T17:50:54.553Z] > git ls-files --stage -- /config/workspace/main.py [3ms]
[2023-07-09T17:50:54.563Z] > git cat-file -s df1dc6821eb73a1036ef820317e03d5f5e01dcca [1ms]
[2023-07-09T17:51:06.463Z] > git check-ignore -v -z --stdin [2ms]
[2023-07-09T17:52:05.253Z] > git status -z -uall [2ms]
[2023-07-09T17:52:05.264Z] > git symbolic-ref --short HEAD [1ms]
[2023-07-09T17:52:05.274Z] > git for-each-ref --format=%(refname)%00%(upstream:short)%00%(objectname)%00%(upstream:track)%00%(upstream:remotename)%00%(upstream:remoteref) refs/heads/main refs/remotes/main [1ms]
[2023-07-09T17:52:05.293Z] > git for-each-ref --sort -committerdate --format %(refname) %(objectname) %(*objectname) [10ms]
[2023-07-09T17:52:05.294Z] > git remote --verbose [2ms]
[2023-07-09T17:52:05.312Z] > git config --get commit.template [1ms]
