[2023-07-09T18:12:35.654Z] Log level: Info
[2023-07-09T18:12:35.661Z] [info] Validating found git in: git
[2023-07-09T18:12:35.698Z] [info] Using git 2.25.1 from git
[2023-07-09T18:12:35.774Z] > git rev-parse --show-toplevel [59ms]
[2023-07-09T18:12:35.775Z] fatal: not a git repository (or any of the parent directories): .git
[2023-07-09T18:12:35.787Z] > git rev-parse --show-toplevel [2ms]
[2023-07-09T18:12:35.787Z] fatal: not a git repository (or any of the parent directories): .git
[2023-07-09T18:12:35.795Z] > git rev-parse --show-toplevel [1ms]
[2023-07-09T18:12:35.795Z] fatal: not a git repository (or any of the parent directories): .git
[2023-07-09T18:12:35.803Z] > git rev-parse --show-toplevel [2ms]
[2023-07-09T18:12:35.803Z] fatal: not a git repository (or any of the parent directories): .git
[2023-07-09T18:12:35.810Z] > git rev-parse --show-toplevel [1ms]
[2023-07-09T18:12:35.810Z] fatal: not a git repository (or any of the parent directories): .git
[2023-07-09T18:12:35.817Z] > git rev-parse --show-toplevel [1ms]
[2023-07-09T18:12:35.817Z] fatal: not a git repository (or any of the parent directories): .git
[2023-07-09T18:12:35.825Z] > git rev-parse --show-toplevel [1ms]
[2023-07-09T18:12:35.825Z] fatal: not a git repository (or any of the parent directories): .git
[2023-07-09T18:12:35.832Z] > git rev-parse --show-toplevel [1ms]
[2023-07-09T18:12:35.839Z] > git rev-parse --git-dir --git-common-dir [1ms]
[2023-07-09T18:12:35.848Z] [info] Open repository: /config/workspace
[2023-07-09T18:12:35.861Z] > git status -z -uall [3ms]
[2023-07-09T18:12:35.869Z] > git symbolic-ref --short HEAD [2ms]
[2023-07-09T18:12:35.877Z] > git for-each-ref --format=%(refname)%00%(upstream:short)%00%(objectname)%00%(upstream:track)%00%(upstream:remotename)%00%(upstream:remoteref) refs/heads/main refs/remotes/main [1ms]
[2023-07-09T18:12:35.894Z] > git for-each-ref --sort -committerdate --format %(refname) %(objectname) %(*objectname) [10ms]
[2023-07-09T18:12:35.895Z] > git remote --verbose [2ms]
[2023-07-09T18:12:35.909Z] > git config --get commit.template [1ms]
[2023-07-09T18:12:35.918Z] > git status -z -uall [2ms]
[2023-07-09T18:12:35.926Z] > git symbolic-ref --short HEAD [1ms]
[2023-07-09T18:12:35.934Z] > git for-each-ref --format=%(refname)%00%(upstream:short)%00%(objectname)%00%(upstream:track)%00%(upstream:remotename)%00%(upstream:remoteref) refs/heads/main refs/remotes/main [1ms]
[2023-07-09T18:12:35.952Z] > git remote --verbose [4ms]
[2023-07-09T18:12:35.952Z] > git for-each-ref --sort -committerdate --format %(refname) %(objectname) %(*objectname) [12ms]
[2023-07-09T18:12:35.963Z] > git config --get commit.template [1ms]
[2023-07-09T18:12:36.496Z] > git check-ignore -v -z --stdin [1ms]
[2023-07-09T18:12:36.669Z] > git rev-parse --show-toplevel [2ms]
[2023-07-09T18:12:36.669Z] fatal: not a git repository (or any of the parent directories): .git
[2023-07-09T18:22:40.196Z] > git rev-parse --show-toplevel [1ms]
[2023-07-09T18:22:40.203Z] > git rev-parse --git-dir --git-common-dir [1ms]
[2023-07-09T18:22:40.207Z] [info] Open repository: /config/Diabetes-Deployment-With-BeanStalk
[2023-07-09T18:22:40.217Z] > git status -z -uall [3ms]
[2023-07-09T18:22:40.223Z] > git symbolic-ref --short HEAD [1ms]
[2023-07-09T18:22:40.230Z] > git for-each-ref --format=%(refname)%00%(upstream:short)%00%(objectname)%00%(upstream:track)%00%(upstream:remotename)%00%(upstream:remoteref) refs/heads/main refs/remotes/main [1ms]
[2023-07-09T18:22:40.240Z] > git for-each-ref --sort -committerdate --format %(refname) %(objectname) %(*objectname) [5ms]
[2023-07-09T18:22:40.241Z] > git remote --verbose [1ms]
[2023-07-09T18:22:40.253Z] > git config --get commit.template [1ms]
[2023-07-09T18:22:40.885Z] > git check-ignore -v -z --stdin [6ms]
[2023-07-09T18:22:40.886Z] > git check-ignore -v -z --stdin [2ms]
[2023-07-09T18:22:45.793Z] > git rev-parse --show-toplevel [2ms]
[2023-07-09T18:22:45.800Z] > git rev-parse --git-dir --git-common-dir [1ms]
[2023-07-09T18:22:45.804Z] [info] Open repository: /config
[2023-07-09T18:22:45.840Z] > git status -z -uall [30ms]
[2023-07-09T18:22:45.846Z] > git symbolic-ref --short HEAD [1ms]
[2023-07-09T18:22:45.854Z] > git for-each-ref --format=%(refname)%00%(upstream:short)%00%(objectname)%00%(upstream:track)%00%(upstream:remotename)%00%(upstream:remoteref) refs/heads/master refs/remotes/master [1ms]
[2023-07-09T18:22:45.864Z] > git for-each-ref --sort -committerdate --format %(refname) %(objectname) %(*objectname) [5ms]
[2023-07-09T18:22:45.865Z] > git remote --verbose [2ms]
[2023-07-09T18:22:46.443Z] > git config --get commit.template [3ms]
[2023-07-09T18:22:46.969Z] > git check-ignore -v -z --stdin [17ms]
[2023-07-09T18:22:46.969Z] > git check-ignore -v -z --stdin [10ms]
[2023-07-09T18:22:46.969Z] > git check-ignore -v -z --stdin [2ms]
[2023-07-09T18:22:48.659Z] > git status -z -uall [23ms]
[2023-07-09T18:22:48.669Z] > git symbolic-ref --short HEAD [4ms]
[2023-07-09T18:22:48.680Z] > git for-each-ref --format=%(refname)%00%(upstream:short)%00%(objectname)%00%(upstream:track)%00%(upstream:remotename)%00%(upstream:remoteref) refs/heads/master refs/remotes/master [2ms]
[2023-07-09T18:22:48.702Z] > git remote --verbose [1ms]
[2023-07-09T18:22:48.702Z] > git for-each-ref --sort -committerdate --format %(refname) %(objectname) %(*objectname) [11ms]
[2023-07-09T18:22:48.779Z] > git config --get commit.template [1ms]
[2023-07-09T18:23:09.080Z] > git status -z -uall [24ms]
[2023-07-09T18:23:09.091Z] > git symbolic-ref --short HEAD [1ms]
[2023-07-09T18:23:09.100Z] > git for-each-ref --format=%(refname)%00%(upstream:short)%00%(objectname)%00%(upstream:track)%00%(upstream:remotename)%00%(upstream:remoteref) refs/heads/master refs/remotes/master [1ms]
[2023-07-09T18:23:09.117Z] > git for-each-ref --sort -committerdate --format %(refname) %(objectname) %(*objectname) [8ms]
[2023-07-09T18:23:09.118Z] > git remote --verbose [1ms]
[2023-07-09T18:23:09.182Z] > git config --get commit.template [1ms]
[2023-07-09T18:23:14.216Z] > git status -z -uall [23ms]
[2023-07-09T18:23:14.227Z] > git symbolic-ref --short HEAD [2ms]
[2023-07-09T18:23:14.236Z] > git for-each-ref --format=%(refname)%00%(upstream:short)%00%(objectname)%00%(upstream:track)%00%(upstream:remotename)%00%(upstream:remoteref) refs/heads/master refs/remotes/master [1ms]
[2023-07-09T18:23:14.254Z] > git for-each-ref --sort -committerdate --format %(refname) %(objectname) %(*objectname) [9ms]
[2023-07-09T18:23:14.254Z] > git remote --verbose [1ms]
[2023-07-09T18:23:14.321Z] > git config --get commit.template [1ms]
[2023-07-09T18:23:19.356Z] > git status -z -uall [23ms]
[2023-07-09T18:23:19.366Z] > git symbolic-ref --short HEAD [1ms]
[2023-07-09T18:23:19.376Z] > git for-each-ref --format=%(refname)%00%(upstream:short)%00%(objectname)%00%(upstream:track)%00%(upstream:remotename)%00%(upstream:remoteref) refs/heads/master refs/remotes/master [1ms]
[2023-07-09T18:23:19.393Z] > git for-each-ref --sort -committerdate --format %(refname) %(objectname) %(*objectname) [9ms]
[2023-07-09T18:23:19.394Z] > git remote --verbose [2ms]
[2023-07-09T18:23:19.453Z] > git config --get commit.template [1ms]
[2023-07-09T18:23:24.484Z] > git status -z -uall [20ms]
[2023-07-09T18:23:24.494Z] > git symbolic-ref --short HEAD [1ms]
[2023-07-09T18:23:24.504Z] > git for-each-ref --format=%(refname)%00%(upstream:short)%00%(objectname)%00%(upstream:track)%00%(upstream:remotename)%00%(upstream:remoteref) refs/heads/master refs/remotes/master [1ms]
[2023-07-09T18:23:24.522Z] > git for-each-ref --sort -committerdate --format %(refname) %(objectname) %(*objectname) [10ms]
[2023-07-09T18:23:24.522Z] > git remote --verbose [1ms]
[2023-07-09T18:23:24.584Z] > git config --get commit.template [1ms]
[2023-07-09T18:23:29.616Z] > git status -z -uall [21ms]
[2023-07-09T18:23:29.629Z] > git symbolic-ref --short HEAD [1ms]
[2023-07-09T18:23:29.643Z] > git for-each-ref --format=%(refname)%00%(upstream:short)%00%(objectname)%00%(upstream:track)%00%(upstream:remotename)%00%(upstream:remoteref) refs/heads/master refs/remotes/master [1ms]
[2023-07-09T18:23:29.671Z] > git for-each-ref --sort -committerdate --format %(refname) %(objectname) %(*objectname) [18ms]
[2023-07-09T18:23:29.672Z] > git remote --verbose [9ms]
[2023-07-09T18:23:29.734Z] > git config --get commit.template [1ms]
[2023-07-09T18:23:34.764Z] > git status -z -uall [19ms]
[2023-07-09T18:23:34.774Z] > git symbolic-ref --short HEAD [1ms]
[2023-07-09T18:23:34.784Z] > git for-each-ref --format=%(refname)%00%(upstream:short)%00%(objectname)%00%(upstream:track)%00%(upstream:remotename)%00%(upstream:remoteref) refs/heads/master refs/remotes/master [1ms]
[2023-07-09T18:23:34.803Z] > git for-each-ref --sort -committerdate --format %(refname) %(objectname) %(*objectname) [11ms]
[2023-07-09T18:23:34.804Z] > git remote --verbose [2ms]
[2023-07-09T18:23:34.862Z] > git config --get commit.template [1ms]
[2023-07-09T18:23:39.892Z] > git status -z -uall [20ms]
[2023-07-09T18:23:39.905Z] > git symbolic-ref --short HEAD [1ms]
[2023-07-09T18:23:39.919Z] > git for-each-ref --format=%(refname)%00%(upstream:short)%00%(objectname)%00%(upstream:track)%00%(upstream:remotename)%00%(upstream:remoteref) refs/heads/master refs/remotes/master [2ms]
[2023-07-09T18:23:39.949Z] > git for-each-ref --sort -committerdate --format %(refname) %(objectname) %(*objectname) [20ms]
[2023-07-09T18:23:39.950Z] > git remote --verbose [10ms]
[2023-07-09T18:23:40.015Z] > git config --get commit.template [2ms]
[2023-07-09T18:23:45.055Z] > git status -z -uall [29ms]
[2023-07-09T18:23:45.068Z] > git symbolic-ref --short HEAD [1ms]
[2023-07-09T18:23:45.082Z] > git for-each-ref --format=%(refname)%00%(upstream:short)%00%(objectname)%00%(upstream:track)%00%(upstream:remotename)%00%(upstream:remoteref) refs/heads/master refs/remotes/master [2ms]
[2023-07-09T18:23:45.108Z] > git for-each-ref --sort -committerdate --format %(refname) %(objectname) %(*objectname) [16ms]
[2023-07-09T18:23:45.108Z] > git remote --verbose [8ms]
[2023-07-09T18:23:45.165Z] > git config --get commit.template [1ms]
[2023-07-09T18:23:50.216Z] > git status -z -uall [41ms]
[2023-07-09T18:23:50.228Z] > git symbolic-ref --short HEAD [1ms]
[2023-07-09T18:23:50.239Z] > git for-each-ref --format=%(refname)%00%(upstream:short)%00%(objectname)%00%(upstream:track)%00%(upstream:remotename)%00%(upstream:remoteref) refs/heads/master refs/remotes/master [2ms]
[2023-07-09T18:23:50.255Z] > git for-each-ref --sort -committerdate --format %(refname) %(objectname) %(*objectname) [8ms]
[2023-07-09T18:23:50.256Z] > git remote --verbose [2ms]
[2023-07-09T18:23:50.313Z] > git config --get commit.template [1ms]
[2023-07-09T18:23:55.343Z] > git status -z -uall [20ms]
[2023-07-09T18:23:55.353Z] > git symbolic-ref --short HEAD [2ms]
[2023-07-09T18:23:55.363Z] > git for-each-ref --format=%(refname)%00%(upstream:short)%00%(objectname)%00%(upstream:track)%00%(upstream:remotename)%00%(upstream:remoteref) refs/heads/master refs/remotes/master [1ms]
[2023-07-09T18:23:55.380Z] > git for-each-ref --sort -committerdate --format %(refname) %(objectname) %(*objectname) [9ms]
[2023-07-09T18:23:55.380Z] > git remote --verbose [1ms]
[2023-07-09T18:23:55.437Z] > git config --get commit.template [1ms]
[2023-07-09T18:24:00.492Z] > git status -z -uall [44ms]
[2023-07-09T18:24:00.502Z] > git symbolic-ref --short HEAD [2ms]
[2023-07-09T18:24:00.512Z] > git for-each-ref --format=%(refname)%00%(upstream:short)%00%(objectname)%00%(upstream:track)%00%(upstream:remotename)%00%(upstream:remoteref) refs/heads/master refs/remotes/master [1ms]
[2023-07-09T18:24:00.529Z] > git for-each-ref --sort -committerdate --format %(refname) %(objectname) %(*objectname) [9ms]
[2023-07-09T18:24:00.529Z] > git remote --verbose [1ms]
[2023-07-09T18:24:00.586Z] > git config --get commit.template [1ms]
[2023-07-09T18:24:05.615Z] > git status -z -uall [20ms]
[2023-07-09T18:24:05.625Z] > git symbolic-ref --short HEAD [1ms]
[2023-07-09T18:24:05.635Z] > git for-each-ref --format=%(refname)%00%(upstream:short)%00%(objectname)%00%(upstream:track)%00%(upstream:remotename)%00%(upstream:remoteref) refs/heads/master refs/remotes/master [1ms]
[2023-07-09T18:24:05.652Z] > git for-each-ref --sort -committerdate --format %(refname) %(objectname) %(*objectname) [8ms]
[2023-07-09T18:24:05.652Z] > git remote --verbose [1ms]
[2023-07-09T18:24:05.711Z] > git config --get commit.template [1ms]
[2023-07-09T18:24:10.740Z] > git status -z -uall [19ms]
[2023-07-09T18:24:10.751Z] > git symbolic-ref --short HEAD [1ms]
[2023-07-09T18:24:10.761Z] > git for-each-ref --format=%(refname)%00%(upstream:short)%00%(objectname)%00%(upstream:track)%00%(upstream:remotename)%00%(upstream:remoteref) refs/heads/master refs/remotes/master [1ms]
[2023-07-09T18:24:10.779Z] > git for-each-ref --sort -committerdate --format %(refname) %(objectname) %(*objectname) [9ms]
[2023-07-09T18:24:10.779Z] > git remote --verbose [1ms]
[2023-07-09T18:24:10.836Z] > git config --get commit.template [1ms]
[2023-07-09T18:24:15.865Z] > git status -z -uall [19ms]
[2023-07-09T18:24:15.876Z] > git symbolic-ref --short HEAD [1ms]
[2023-07-09T18:24:15.885Z] > git for-each-ref --format=%(refname)%00%(upstream:short)%00%(objectname)%00%(upstream:track)%00%(upstream:remotename)%00%(upstream:remoteref) refs/heads/master refs/remotes/master [1ms]
[2023-07-09T18:24:15.903Z] > git for-each-ref --sort -committerdate --format %(refname) %(objectname) %(*objectname) [8ms]
[2023-07-09T18:24:15.904Z] > git remote --verbose [2ms]
[2023-07-09T18:24:15.965Z] > git config --get commit.template [1ms]
[2023-07-09T18:24:20.999Z] > git status -z -uall [20ms]
[2023-07-09T18:24:21.015Z] > git symbolic-ref --short HEAD [2ms]
[2023-07-09T18:24:21.026Z] > git for-each-ref --format=%(refname)%00%(upstream:short)%00%(objectname)%00%(upstream:track)%00%(upstream:remotename)%00%(upstream:remoteref) refs/heads/master refs/remotes/master [1ms]
[2023-07-09T18:24:21.045Z] > git for-each-ref --sort -committerdate --format %(refname) %(objectname) %(*objectname) [9ms]
[2023-07-09T18:24:21.045Z] > git remote --verbose [1ms]
[2023-07-09T18:24:21.103Z] > git config --get commit.template [2ms]
[2023-07-09T18:24:26.132Z] > git status -z -uall [19ms]
[2023-07-09T18:24:26.142Z] > git symbolic-ref --short HEAD [1ms]
[2023-07-09T18:24:26.152Z] > git for-each-ref --format=%(refname)%00%(upstream:short)%00%(objectname)%00%(upstream:track)%00%(upstream:remotename)%00%(upstream:remoteref) refs/heads/master refs/remotes/master [1ms]
[2023-07-09T18:24:26.170Z] > git for-each-ref --sort -committerdate --format %(refname) %(objectname) %(*objectname) [9ms]
[2023-07-09T18:24:26.170Z] > git remote --verbose [1ms]
[2023-07-09T18:24:26.227Z] > git config --get commit.template [1ms]
[2023-07-09T18:24:31.258Z] > git status -z -uall [20ms]
[2023-07-09T18:24:31.272Z] > git symbolic-ref --short HEAD [2ms]
[2023-07-09T18:24:31.286Z] > git for-each-ref --format=%(refname)%00%(upstream:short)%00%(objectname)%00%(upstream:track)%00%(upstream:remotename)%00%(upstream:remoteref) refs/heads/master refs/remotes/master [1ms]
[2023-07-09T18:24:31.314Z] > git for-each-ref --sort -committerdate --format %(refname) %(objectname) %(*objectname) [18ms]
[2023-07-09T18:24:31.314Z] > git remote --verbose [8ms]
[2023-07-09T18:24:31.371Z] > git config --get commit.template [2ms]
[2023-07-09T18:24:34.050Z] > git check-ignore -v -z --stdin [2ms]
[2023-07-09T18:24:36.400Z] > git status -z -uall [19ms]
[2023-07-09T18:24:36.411Z] > git symbolic-ref --short HEAD [1ms]
[2023-07-09T18:24:36.424Z] > git for-each-ref --format=%(refname)%00%(upstream:short)%00%(objectname)%00%(upstream:track)%00%(upstream:remotename)%00%(upstream:remoteref) refs/heads/master refs/remotes/master [1ms]
[2023-07-09T18:24:36.444Z] > git for-each-ref --sort -committerdate --format %(refname) %(objectname) %(*objectname) [10ms]
[2023-07-09T18:24:36.444Z] > git remote --verbose [1ms]
[2023-07-09T18:24:36.500Z] > git config --get commit.template [1ms]
[2023-07-09T18:24:41.530Z] > git status -z -uall [20ms]
[2023-07-09T18:24:41.540Z] > git symbolic-ref --short HEAD [1ms]
[2023-07-09T18:24:41.551Z] > git for-each-ref --format=%(refname)%00%(upstream:short)%00%(objectname)%00%(upstream:track)%00%(upstream:remotename)%00%(upstream:remoteref) refs/heads/master refs/remotes/master [1ms]
[2023-07-09T18:24:41.571Z] > git for-each-ref --sort -committerdate --format %(refname) %(objectname) %(*objectname) [10ms]
[2023-07-09T18:24:41.571Z] > git remote --verbose [1ms]
[2023-07-09T18:24:41.627Z] > git config --get commit.template [1ms]
[2023-07-09T18:24:46.656Z] > git status -z -uall [19ms]
[2023-07-09T18:24:46.666Z] > git symbolic-ref --short HEAD [2ms]
[2023-07-09T18:24:46.675Z] > git for-each-ref --format=%(refname)%00%(upstream:short)%00%(objectname)%00%(upstream:track)%00%(upstream:remotename)%00%(upstream:remoteref) refs/heads/master refs/remotes/master [1ms]
[2023-07-09T18:24:46.693Z] > git for-each-ref --sort -committerdate --format %(refname) %(objectname) %(*objectname) [9ms]
[2023-07-09T18:24:46.693Z] > git remote --verbose [1ms]
[2023-07-09T18:24:46.752Z] > git config --get commit.template [1ms]
[2023-07-09T18:24:51.785Z] > git status -z -uall [21ms]
[2023-07-09T18:24:51.797Z] > git symbolic-ref --short HEAD [1ms]
[2023-07-09T18:24:51.810Z] > git for-each-ref --format=%(refname)%00%(upstream:short)%00%(objectname)%00%(upstream:track)%00%(upstream:remotename)%00%(upstream:remoteref) refs/heads/master refs/remotes/master [1ms]
[2023-07-09T18:24:51.833Z] > git for-each-ref --sort -committerdate --format %(refname) %(objectname) %(*objectname) [11ms]
[2023-07-09T18:24:51.833Z] > git remote --verbose [1ms]
[2023-07-09T18:24:51.893Z] > git config --get commit.template [1ms]
[2023-07-09T18:24:56.927Z] > git status -z -uall [20ms]
[2023-07-09T18:24:56.939Z] > git symbolic-ref --short HEAD [1ms]
[2023-07-09T18:24:56.952Z] > git for-each-ref --format=%(refname)%00%(upstream:short)%00%(objectname)%00%(upstream:track)%00%(upstream:remotename)%00%(upstream:remoteref) refs/heads/master refs/remotes/master [1ms]
[2023-07-09T18:24:56.975Z] > git for-each-ref --sort -committerdate --format %(refname) %(objectname) %(*objectname) [12ms]
[2023-07-09T18:24:56.976Z] > git remote --verbose [2ms]
[2023-07-09T18:24:57.039Z] > git config --get commit.template [1ms]
[2023-07-09T18:25:39.758Z] > git status -z -uall [26ms]
[2023-07-09T18:25:39.768Z] > git symbolic-ref --short HEAD [1ms]
[2023-07-09T18:25:39.777Z] > git for-each-ref --format=%(refname)%00%(upstream:short)%00%(objectname)%00%(upstream:track)%00%(upstream:remotename)%00%(upstream:remoteref) refs/heads/master refs/remotes/master [1ms]
[2023-07-09T18:25:39.794Z] > git for-each-ref --sort -committerdate --format %(refname) %(objectname) %(*objectname) [9ms]
[2023-07-09T18:25:39.794Z] > git remote --verbose [1ms]
[2023-07-09T18:25:39.865Z] > git config --get commit.template [1ms]
[2023-07-09T18:25:44.893Z] > git status -z -uall [19ms]
[2023-07-09T18:25:44.902Z] > git symbolic-ref --short HEAD [1ms]
[2023-07-09T18:25:44.910Z] > git for-each-ref --format=%(refname)%00%(upstream:short)%00%(objectname)%00%(upstream:track)%00%(upstream:remotename)%00%(upstream:remoteref) refs/heads/master refs/remotes/master [1ms]
[2023-07-09T18:25:44.925Z] > git for-each-ref --sort -committerdate --format %(refname) %(objectname) %(*objectname) [7ms]
[2023-07-09T18:25:44.925Z] > git remote --verbose [1ms]
[2023-07-09T18:25:44.987Z] > git config --get commit.template [1ms]
[2023-07-09T18:25:50.021Z] > git status -z -uall [23ms]
[2023-07-09T18:25:50.032Z] > git symbolic-ref --short HEAD [1ms]
[2023-07-09T18:25:50.042Z] > git for-each-ref --format=%(refname)%00%(upstream:short)%00%(objectname)%00%(upstream:track)%00%(upstream:remotename)%00%(upstream:remoteref) refs/heads/master refs/remotes/master [1ms]
[2023-07-09T18:25:50.060Z] > git for-each-ref --sort -committerdate --format %(refname) %(objectname) %(*objectname) [8ms]
[2023-07-09T18:25:50.061Z] > git remote --verbose [1ms]
[2023-07-09T18:25:50.126Z] > git config --get commit.template [1ms]
[2023-07-09T18:25:55.156Z] > git status -z -uall [20ms]
[2023-07-09T18:25:55.167Z] > git symbolic-ref --short HEAD [1ms]
[2023-07-09T18:25:55.179Z] > git for-each-ref --format=%(refname)%00%(upstream:short)%00%(objectname)%00%(upstream:track)%00%(upstream:remotename)%00%(upstream:remoteref) refs/heads/master refs/remotes/master [2ms]
[2023-07-09T18:25:55.198Z] > git for-each-ref --sort -committerdate --format %(refname) %(objectname) %(*objectname) [9ms]
[2023-07-09T18:25:55.198Z] > git remote --verbose [1ms]
[2023-07-09T18:25:55.258Z] > git config --get commit.template [1ms]
[2023-07-09T18:26:00.290Z] > git status -z -uall [20ms]
[2023-07-09T18:26:00.302Z] > git symbolic-ref --short HEAD [2ms]
[2023-07-09T18:26:00.314Z] > git for-each-ref --format=%(refname)%00%(upstream:short)%00%(objectname)%00%(upstream:track)%00%(upstream:remotename)%00%(upstream:remoteref) refs/heads/master refs/remotes/master [1ms]
[2023-07-09T18:26:00.335Z] > git for-each-ref --sort -committerdate --format %(refname) %(objectname) %(*objectname) [10ms]
[2023-07-09T18:26:00.336Z] > git remote --verbose [1ms]
[2023-07-09T18:26:00.398Z] > git config --get commit.template [1ms]
[2023-07-09T18:26:05.432Z] > git status -z -uall [21ms]
[2023-07-09T18:26:05.444Z] > git symbolic-ref --short HEAD [1ms]
[2023-07-09T18:26:05.457Z] > git for-each-ref --format=%(refname)%00%(upstream:short)%00%(objectname)%00%(upstream:track)%00%(upstream:remotename)%00%(upstream:remoteref) refs/heads/master refs/remotes/master [1ms]
[2023-07-09T18:26:05.480Z] > git for-each-ref --sort -committerdate --format %(refname) %(objectname) %(*objectname) [11ms]
[2023-07-09T18:26:05.481Z] > git remote --verbose [2ms]
[2023-07-09T18:26:05.538Z] > git config --get commit.template [2ms]
[2023-07-09T18:26:10.572Z] > git status -z -uall [20ms]
[2023-07-09T18:26:10.587Z] > git symbolic-ref --short HEAD [2ms]
[2023-07-09T18:26:10.601Z] > git for-each-ref --format=%(refname)%00%(upstream:short)%00%(objectname)%00%(upstream:track)%00%(upstream:remotename)%00%(upstream:remoteref) refs/heads/master refs/remotes/master [1ms]
[2023-07-09T18:26:10.627Z] > git for-each-ref --sort -committerdate --format %(refname) %(objectname) %(*objectname) [13ms]
[2023-07-09T18:26:10.627Z] > git remote --verbose [1ms]
[2023-07-09T18:26:10.689Z] > git config --get commit.template [1ms]
[2023-07-09T18:26:15.721Z] > git status -z -uall [19ms]
[2023-07-09T18:26:15.732Z] > git symbolic-ref --short HEAD [1ms]
[2023-07-09T18:26:15.744Z] > git for-each-ref --format=%(refname)%00%(upstream:short)%00%(objectname)%00%(upstream:track)%00%(upstream:remotename)%00%(upstream:remoteref) refs/heads/master refs/remotes/master [1ms]
[2023-07-09T18:26:15.764Z] > git for-each-ref --sort -committerdate --format %(refname) %(objectname) %(*objectname) [10ms]
[2023-07-09T18:26:15.765Z] > git remote --verbose [1ms]
[2023-07-09T18:26:15.821Z] > git config --get commit.template [1ms]
[2023-07-09T18:26:20.854Z] > git status -z -uall [21ms]
[2023-07-09T18:26:20.869Z] > git symbolic-ref --short HEAD [2ms]
[2023-07-09T18:26:20.894Z] > git for-each-ref --format=%(refname)%00%(upstream:short)%00%(objectname)%00%(upstream:track)%00%(upstream:remotename)%00%(upstream:remoteref) refs/heads/master refs/remotes/master [11ms]
[2023-07-09T18:26:20.913Z] > git for-each-ref --sort -committerdate --format %(refname) %(objectname) %(*objectname) [8ms]
[2023-07-09T18:26:20.914Z] > git remote --verbose [1ms]
[2023-07-09T18:26:20.969Z] > git config --get commit.template [1ms]
[2023-07-09T18:26:26.016Z] > git status -z -uall [37ms]
[2023-07-09T18:26:26.029Z] > git symbolic-ref --short HEAD [1ms]
[2023-07-09T18:26:26.042Z] > git for-each-ref --format=%(refname)%00%(upstream:short)%00%(objectname)%00%(upstream:track)%00%(upstream:remotename)%00%(upstream:remoteref) refs/heads/master refs/remotes/master [1ms]
[2023-07-09T18:26:26.059Z] > git for-each-ref --sort -committerdate --format %(refname) %(objectname) %(*objectname) [8ms]
[2023-07-09T18:26:26.059Z] > git remote --verbose [1ms]
[2023-07-09T18:26:26.114Z] > git config --get commit.template [1ms]
[2023-07-09T18:26:31.144Z] > git status -z -uall [20ms]
[2023-07-09T18:26:31.154Z] > git symbolic-ref --short HEAD [1ms]
[2023-07-09T18:26:31.165Z] > git for-each-ref --format=%(refname)%00%(upstream:short)%00%(objectname)%00%(upstream:track)%00%(upstream:remotename)%00%(upstream:remoteref) refs/heads/master refs/remotes/master [2ms]
[2023-07-09T18:26:31.181Z] > git for-each-ref --sort -committerdate --format %(refname) %(objectname) %(*objectname) [8ms]
[2023-07-09T18:26:31.182Z] > git remote --verbose [2ms]
[2023-07-09T18:26:31.238Z] > git config --get commit.template [1ms]
[2023-07-09T18:26:36.271Z] > git status -z -uall [19ms]
[2023-07-09T18:26:36.284Z] > git symbolic-ref --short HEAD [1ms]
[2023-07-09T18:26:36.297Z] > git for-each-ref --format=%(refname)%00%(upstream:short)%00%(objectname)%00%(upstream:track)%00%(upstream:remotename)%00%(upstream:remoteref) refs/heads/master refs/remotes/master [1ms]
[2023-07-09T18:26:36.321Z] > git for-each-ref --sort -committerdate --format %(refname) %(objectname) %(*objectname) [12ms]
[2023-07-09T18:26:36.322Z] > git remote --verbose [1ms]
[2023-07-09T18:26:36.382Z] > git config --get commit.template [1ms]
[2023-07-09T18:26:41.413Z] > git status -z -uall [20ms]
[2023-07-09T18:26:41.427Z] > git symbolic-ref --short HEAD [2ms]
[2023-07-09T18:26:41.448Z] > git for-each-ref --format=%(refname)%00%(upstream:short)%00%(objectname)%00%(upstream:track)%00%(upstream:remotename)%00%(upstream:remoteref) refs/heads/master refs/remotes/master [8ms]
[2023-07-09T18:26:41.468Z] > git for-each-ref --sort -committerdate --format %(refname) %(objectname) %(*objectname) [10ms]
[2023-07-09T18:26:41.469Z] > git remote --verbose [2ms]
[2023-07-09T18:26:41.525Z] > git config --get commit.template [1ms]
[2023-07-09T18:26:46.555Z] > git status -z -uall [20ms]
[2023-07-09T18:26:46.566Z] > git symbolic-ref --short HEAD [1ms]
[2023-07-09T18:26:46.578Z] > git for-each-ref --format=%(refname)%00%(upstream:short)%00%(objectname)%00%(upstream:track)%00%(upstream:remotename)%00%(upstream:remoteref) refs/heads/master refs/remotes/master [1ms]
[2023-07-09T18:26:46.597Z] > git for-each-ref --sort -committerdate --format %(refname) %(objectname) %(*objectname) [10ms]
[2023-07-09T18:26:46.597Z] > git remote --verbose [1ms]
[2023-07-09T18:26:46.653Z] > git config --get commit.template [1ms]
[2023-07-09T18:26:51.683Z] > git status -z -uall [19ms]
[2023-07-09T18:26:51.694Z] > git symbolic-ref --short HEAD [1ms]
[2023-07-09T18:26:51.704Z] > git for-each-ref --format=%(refname)%00%(upstream:short)%00%(objectname)%00%(upstream:track)%00%(upstream:remotename)%00%(upstream:remoteref) refs/heads/master refs/remotes/master [1ms]
[2023-07-09T18:26:51.723Z] > git for-each-ref --sort -committerdate --format %(refname) %(objectname) %(*objectname) [10ms]
[2023-07-09T18:26:51.736Z] > git remote --verbose [14ms]
[2023-07-09T18:26:51.794Z] > git config --get commit.template [1ms]
[2023-07-09T18:26:56.824Z] > git status -z -uall [19ms]
[2023-07-09T18:26:56.835Z] > git symbolic-ref --short HEAD [1ms]
[2023-07-09T18:26:56.845Z] > git for-each-ref --format=%(refname)%00%(upstream:short)%00%(objectname)%00%(upstream:track)%00%(upstream:remotename)%00%(upstream:remoteref) refs/heads/master refs/remotes/master [1ms]
[2023-07-09T18:26:56.863Z] > git for-each-ref --sort -committerdate --format %(refname) %(objectname) %(*objectname) [9ms]
[2023-07-09T18:26:56.863Z] > git remote --verbose [1ms]
[2023-07-09T18:26:56.954Z] > git config --get commit.template [1ms]
[2023-07-09T18:27:01.984Z] > git status -z -uall [19ms]
[2023-07-09T18:27:01.995Z] > git symbolic-ref --short HEAD [1ms]
[2023-07-09T18:27:02.008Z] > git for-each-ref --format=%(refname)%00%(upstream:short)%00%(objectname)%00%(upstream:track)%00%(upstream:remotename)%00%(upstream:remoteref) refs/heads/master refs/remotes/master [2ms]
[2023-07-09T18:27:02.035Z] > git for-each-ref --sort -committerdate --format %(refname) %(objectname) %(*objectname) [15ms]
[2023-07-09T18:27:02.036Z] > git remote --verbose [2ms]
[2023-07-09T18:27:02.098Z] > git config --get commit.template [1ms]
[2023-07-09T18:27:07.127Z] > git status -z -uall [19ms]
[2023-07-09T18:27:07.137Z] > git symbolic-ref --short HEAD [1ms]
[2023-07-09T18:27:07.148Z] > git for-each-ref --format=%(refname)%00%(upstream:short)%00%(objectname)%00%(upstream:track)%00%(upstream:remotename)%00%(upstream:remoteref) refs/heads/master refs/remotes/master [2ms]
[2023-07-09T18:27:07.166Z] > git for-each-ref --sort -committerdate --format %(refname) %(objectname) %(*objectname) [9ms]
[2023-07-09T18:27:07.166Z] > git remote --verbose [1ms]
[2023-07-09T18:27:07.221Z] > git config --get commit.template [1ms]
[2023-07-09T18:27:12.252Z] > git status -z -uall [20ms]
[2023-07-09T18:27:12.262Z] > git symbolic-ref --short HEAD [1ms]
[2023-07-09T18:27:12.273Z] > git for-each-ref --format=%(refname)%00%(upstream:short)%00%(objectname)%00%(upstream:track)%00%(upstream:remotename)%00%(upstream:remoteref) refs/heads/master refs/remotes/master [2ms]
[2023-07-09T18:27:12.291Z] > git for-each-ref --sort -committerdate --format %(refname) %(objectname) %(*objectname) [10ms]
[2023-07-09T18:27:12.291Z] > git remote --verbose [1ms]
[2023-07-09T18:27:12.349Z] > git config --get commit.template [1ms]
[2023-07-09T18:27:17.378Z] > git status -z -uall [19ms]
[2023-07-09T18:27:17.388Z] > git symbolic-ref --short HEAD [1ms]
[2023-07-09T18:27:17.398Z] > git for-each-ref --format=%(refname)%00%(upstream:short)%00%(objectname)%00%(upstream:track)%00%(upstream:remotename)%00%(upstream:remoteref) refs/heads/master refs/remotes/master [1ms]
[2023-07-09T18:27:17.416Z] > git for-each-ref --sort -committerdate --format %(refname) %(objectname) %(*objectname) [9ms]
[2023-07-09T18:27:17.417Z] > git remote --verbose [1ms]
[2023-07-09T18:27:17.472Z] > git config --get commit.template [1ms]
[2023-07-09T18:27:22.503Z] > git status -z -uall [21ms]
[2023-07-09T18:27:22.517Z] > git symbolic-ref --short HEAD [2ms]
[2023-07-09T18:27:22.531Z] > git for-each-ref --format=%(refname)%00%(upstream:short)%00%(objectname)%00%(upstream:track)%00%(upstream:remotename)%00%(upstream:remoteref) refs/heads/master refs/remotes/master [1ms]
[2023-07-09T18:27:22.573Z] > git for-each-ref --sort -committerdate --format %(refname) %(objectname) %(*objectname) [32ms]
[2023-07-09T18:27:22.574Z] > git remote --verbose [11ms]
[2023-07-09T18:27:22.631Z] > git config --get commit.template [2ms]
[2023-07-09T18:27:27.660Z] > git status -z -uall [19ms]
[2023-07-09T18:27:27.670Z] > git symbolic-ref --short HEAD [1ms]
[2023-07-09T18:27:27.680Z] > git for-each-ref --format=%(refname)%00%(upstream:short)%00%(objectname)%00%(upstream:track)%00%(upstream:remotename)%00%(upstream:remoteref) refs/heads/master refs/remotes/master [1ms]
[2023-07-09T18:27:27.698Z] > git for-each-ref --sort -committerdate --format %(refname) %(objectname) %(*objectname) [9ms]
[2023-07-09T18:27:27.698Z] > git remote --verbose [1ms]
[2023-07-09T18:27:27.756Z] > git config --get commit.template [4ms]
[2023-07-09T18:27:32.785Z] > git status -z -uall [20ms]
[2023-07-09T18:27:32.799Z] > git symbolic-ref --short HEAD [2ms]
[2023-07-09T18:27:32.812Z] > git for-each-ref --format=%(refname)%00%(upstream:short)%00%(objectname)%00%(upstream:track)%00%(upstream:remotename)%00%(upstream:remoteref) refs/heads/master refs/remotes/master [1ms]
[2023-07-09T18:27:32.840Z] > git for-each-ref --sort -committerdate --format %(refname) %(objectname) %(*objectname) [18ms]
[2023-07-09T18:27:32.840Z] > git remote --verbose [9ms]
[2023-07-09T18:27:32.914Z] > git config --get commit.template [2ms]
[2023-07-09T18:27:37.943Z] > git status -z -uall [19ms]
[2023-07-09T18:27:37.954Z] > git symbolic-ref --short HEAD [2ms]
[2023-07-09T18:27:37.964Z] > git for-each-ref --format=%(refname)%00%(upstream:short)%00%(objectname)%00%(upstream:track)%00%(upstream:remotename)%00%(upstream:remoteref) refs/heads/master refs/remotes/master [2ms]
[2023-07-09T18:27:37.982Z] > git for-each-ref --sort -committerdate --format %(refname) %(objectname) %(*objectname) [10ms]
[2023-07-09T18:27:37.982Z] > git remote --verbose [1ms]
[2023-07-09T18:27:38.045Z] > git config --get commit.template [3ms]
[2023-07-09T18:27:43.076Z] > git status -z -uall [20ms]
[2023-07-09T18:27:43.086Z] > git symbolic-ref --short HEAD [1ms]
[2023-07-09T18:27:43.118Z] > git for-each-ref --format=%(refname)%00%(upstream:short)%00%(objectname)%00%(upstream:track)%00%(upstream:remotename)%00%(upstream:remoteref) refs/heads/master refs/remotes/master [1ms]
[2023-07-09T18:27:43.137Z] > git for-each-ref --sort -committerdate --format %(refname) %(objectname) %(*objectname) [10ms]
[2023-07-09T18:27:43.137Z] > git remote --verbose [1ms]
[2023-07-09T18:27:43.196Z] > git config --get commit.template [1ms]
[2023-07-09T18:28:58.636Z] > git status -z -uall [24ms]
[2023-07-09T18:28:58.643Z] > git symbolic-ref --short HEAD [1ms]
[2023-07-09T18:28:58.650Z] > git for-each-ref --format=%(refname)%00%(upstream:short)%00%(objectname)%00%(upstream:track)%00%(upstream:remotename)%00%(upstream:remoteref) refs/heads/master refs/remotes/master [1ms]
[2023-07-09T18:28:58.664Z] > git for-each-ref --sort -committerdate --format %(refname) %(objectname) %(*objectname) [8ms]
[2023-07-09T18:28:58.664Z] > git remote --verbose [2ms]
[2023-07-09T18:28:58.733Z] > git config --get commit.template [1ms]
[2023-07-09T18:29:03.763Z] > git status -z -uall [20ms]
[2023-07-09T18:29:03.773Z] > git symbolic-ref --short HEAD [2ms]
[2023-07-09T18:29:03.782Z] > git for-each-ref --format=%(refname)%00%(upstream:short)%00%(objectname)%00%(upstream:track)%00%(upstream:remotename)%00%(upstream:remoteref) refs/heads/master refs/remotes/master [1ms]
[2023-07-09T18:29:03.800Z] > git for-each-ref --sort -committerdate --format %(refname) %(objectname) %(*objectname) [8ms]
[2023-07-09T18:29:03.800Z] > git remote --verbose [1ms]
[2023-07-09T18:29:03.863Z] > git config --get commit.template [1ms]
[2023-07-09T18:29:08.898Z] > git status -z -uall [21ms]
[2023-07-09T18:29:08.913Z] > git symbolic-ref --short HEAD [2ms]
[2023-07-09T18:29:08.938Z] > git for-each-ref --format=%(refname)%00%(upstream:short)%00%(objectname)%00%(upstream:track)%00%(upstream:remotename)%00%(upstream:remoteref) refs/heads/master refs/remotes/master [11ms]
[2023-07-09T18:29:08.961Z] > git for-each-ref --sort -committerdate --format %(refname) %(objectname) %(*objectname) [11ms]
[2023-07-09T18:29:08.962Z] > git remote --verbose [2ms]
[2023-07-09T18:29:09.025Z] > git config --get commit.template [2ms]
[2023-07-09T18:29:14.069Z] > git status -z -uall [34ms]
[2023-07-09T18:29:14.079Z] > git symbolic-ref --short HEAD [1ms]
[2023-07-09T18:29:14.088Z] > git for-each-ref --format=%(refname)%00%(upstream:short)%00%(objectname)%00%(upstream:track)%00%(upstream:remotename)%00%(upstream:remoteref) refs/heads/master refs/remotes/master [1ms]
[2023-07-09T18:29:14.107Z] > git for-each-ref --sort -committerdate --format %(refname) %(objectname) %(*objectname) [10ms]
[2023-07-09T18:29:14.108Z] > git remote --verbose [2ms]
[2023-07-09T18:29:14.174Z] > git config --get commit.template [2ms]
[2023-07-09T18:29:19.218Z] > git status -z -uall [32ms]
[2023-07-09T18:29:19.231Z] > git symbolic-ref --short HEAD [2ms]
[2023-07-09T18:29:19.242Z] > git for-each-ref --format=%(refname)%00%(upstream:short)%00%(objectname)%00%(upstream:track)%00%(upstream:remotename)%00%(upstream:remoteref) refs/heads/master refs/remotes/master [2ms]
[2023-07-09T18:29:19.261Z] > git for-each-ref --sort -committerdate --format %(refname) %(objectname) %(*objectname) [10ms]
[2023-07-09T18:29:19.262Z] > git remote --verbose [1ms]
[2023-07-09T18:29:19.325Z] > git config --get commit.template [1ms]
[2023-07-09T18:29:24.368Z] > git status -z -uall [33ms]
[2023-07-09T18:29:24.378Z] > git symbolic-ref --short HEAD [1ms]
[2023-07-09T18:29:24.388Z] > git for-each-ref --format=%(refname)%00%(upstream:short)%00%(objectname)%00%(upstream:track)%00%(upstream:remotename)%00%(upstream:remoteref) refs/heads/master refs/remotes/master [1ms]
[2023-07-09T18:29:24.409Z] > git for-each-ref --sort -committerdate --format %(refname) %(objectname) %(*objectname) [12ms]
[2023-07-09T18:29:24.409Z] > git remote --verbose [1ms]
[2023-07-09T18:29:24.472Z] > git config --get commit.template [2ms]
