[2023-07-09 23:36:56.655] [exthost] [info] Extension host with pid 341 started
[2023-07-09 23:36:56.659] [exthost] [error] Error: EEXIST: file already exists, open '/config/data/User/workspaceStorage/-2fef51/vscode.lock'
[2023-07-09 23:36:56.666] [exthost] [info] Lock '/config/data/User/workspaceStorage/-2fef51/vscode.lock': Could not acquire lock, checking if the file is stale.
[2023-07-09 23:36:56.670] [exthost] [info] Lock '/config/data/User/workspaceStorage/-2fef51/vscode.lock': The lock does not look stale, elapsed: 7 ms, giving up.
[2023-07-09 23:36:56.675] [exthost] [info] Lock '/config/data/User/workspaceStorage/-2fef51-1/vscode.lock': Lock acquired.
[2023-07-09 23:36:57.046] [exthost] [info] ExtensionService#_doActivateExtension vscode.markdown-language-features, startup: false, activationEvent: 'onCommand:markdown.showPreview'
[2023-07-09 23:36:57.173] [exthost] [info] ExtensionService#_doActivateExtension vscode.debug-auto-launch, startup: false, activationEvent: '*'
[2023-07-09 23:36:57.177] [exthost] [info] ExtensionService#_doActivateExtension vscode.git-base, startup: false, activationEvent: '*', root cause: vscode.git
[2023-07-09 23:36:57.182] [exthost] [info] ExtensionService#_doActivateExtension vscode.ipynb, startup: false, activationEvent: '*'
[2023-07-09 23:36:57.374] [exthost] [info] ExtensionService#_doActivateExtension vscode.git, startup: false, activationEvent: '*'
[2023-07-09 23:36:57.468] [exthost] [info] ExtensionService#_doActivateExtension vscode.github, startup: false, activationEvent: '*'
[2023-07-09 23:36:57.907] [exthost] [info] ExtensionService#_doActivateExtension vscode.emmet, startup: false, activationEvent: 'onStartupFinished'
[2023-07-09 23:36:57.928] [exthost] [info] ExtensionService#_doActivateExtension vscode.merge-conflict, startup: false, activationEvent: 'onStartupFinished'
[2023-07-09 23:36:57.933] [exthost] [info] ExtensionService#_doActivateExtension formulahendry.code-runner, startup: false, activationEvent: 'onStartupFinished'
[2023-07-09 23:36:57.956] [exthost] [info] Eager extensions activated
[2023-07-09 23:36:58.684] [exthost] [info] ExtensionService#_doActivateExtension vscode.extension-editing, startup: false, activationEvent: 'onLanguage:markdown'
[2023-07-09 23:36:58.809] [exthost] [info] ExtensionService#_doActivateExtension vscode.markdown-math, startup: false, activationEvent: 'api', root cause: vscode.markdown-language-features
[2023-07-09 23:42:28.828] [exthost] [info] Extension host terminating: received terminate message from renderer
[2023-07-09 23:42:28.829] [exthost] [info] Lock '/config/data/User/workspaceStorage/-2fef51-1/vscode.lock': Marking the lockfile as scheduled to be released in 6000 ms.
[2023-07-09 23:42:28.844] [exthost] [info] Extension host with pid 341 exiting with code 0
